<?xml version="1.0" encoding="UTF-8"?>
<robot generator="Robot 6.0.2 (Python 3.11.5 on win32)" generated="20230925 01:59:32.203" rpa="false" schemaversion="3">
<suite id="s1" name="Demoqa Testes" source="C:\DemoQA\RobotFramework\WebTesting\demoqa_testes.robot">
<test id="s1-t1" name="Caso de Teste 02: Fazer login com senha válida" line="26">
<kw name="Abrir o navegador" library="demoqa_resources" type="SETUP">
<kw name="Open Browser" library="SeleniumLibrary">
<arg>browser=chrome</arg>
<doc>Opens a new browser instance to the optional ``url``.</doc>
<msg timestamp="20230925 01:59:32.646" level="INFO">Opening browser 'chrome' to base url 'None'.</msg>
<status status="PASS" starttime="20230925 01:59:32.646" endtime="20230925 01:59:34.584"/>
</kw>
<kw name="Maximize Browser Window" library="SeleniumLibrary">
<doc>Maximizes current browser window.</doc>
<status status="PASS" starttime="20230925 01:59:34.585" endtime="20230925 01:59:34.802"/>
</kw>
<status status="PASS" starttime="20230925 01:59:32.646" endtime="20230925 01:59:34.802"/>
</kw>
<kw name="Acessar a Página Principal" library="demoqa_resources">
<kw name="Go To" library="SeleniumLibrary">
<arg>${Url_login}</arg>
<doc>Navigates the current browser window to the provided ``url``.</doc>
<msg timestamp="20230925 01:59:34.804" level="INFO">Opening url 'https://demoqa.com/login'</msg>
<status status="PASS" starttime="20230925 01:59:34.803" endtime="20230925 02:00:31.949"/>
</kw>
<kw name="Execute Javascript" library="SeleniumLibrary">
<arg>window.scrollBy(0, 500);</arg>
<doc>Executes the given JavaScript code with possible arguments.</doc>
<msg timestamp="20230925 02:00:31.954" level="INFO">Executing JavaScript:
window.scrollBy(0, 500);
Without any arguments.</msg>
<status status="PASS" starttime="20230925 02:00:31.950" endtime="20230925 02:00:31.985"/>
</kw>
<kw name="Sleep" library="BuiltIn">
<arg>3s</arg>
<doc>Pauses the test executed for the given time.</doc>
<msg timestamp="20230925 02:00:34.989" level="INFO">Slept 3 seconds</msg>
<status status="PASS" starttime="20230925 02:00:31.985" endtime="20230925 02:00:34.989"/>
</kw>
<status status="PASS" starttime="20230925 01:59:34.803" endtime="20230925 02:00:34.989"/>
</kw>
<kw name="Preencher campo Nome de usuário" library="demoqa_resources">
<kw name="Input Text" library="SeleniumLibrary">
<arg>userName</arg>
<arg>${nameUser}</arg>
<doc>Types the given ``text`` into the text field identified by ``locator``.</doc>
<msg timestamp="20230925 02:00:34.991" level="INFO">Typing text 'Carlos Nobre' into text field 'userName'.</msg>
<status status="PASS" starttime="20230925 02:00:34.990" endtime="20230925 02:00:35.258"/>
</kw>
<status status="PASS" starttime="20230925 02:00:34.990" endtime="20230925 02:00:35.259"/>
</kw>
<kw name="Preencher campo senha" library="demoqa_resources">
<kw name="Input Password" library="SeleniumLibrary">
<arg>password</arg>
<arg>${password_user}</arg>
<doc>Types the given password into the text field identified by ``locator``.</doc>
<msg timestamp="20230925 02:00:35.261" level="INFO">Typing password into text field 'password'.</msg>
<msg timestamp="20230925 02:00:35.345" level="INFO">Temporally setting log level to: NONE</msg>
<msg timestamp="20230925 02:00:35.462" level="INFO">Log level changed from NONE to INFO.</msg>
<status status="PASS" starttime="20230925 02:00:35.260" endtime="20230925 02:00:35.462"/>
</kw>
<status status="PASS" starttime="20230925 02:00:35.260" endtime="20230925 02:00:35.462"/>
</kw>
<kw name="Clicar no botão Conecte-se" library="demoqa_resources">
<kw name="Click Element" library="SeleniumLibrary">
<arg>login</arg>
<doc>Click the element identified by ``locator``.</doc>
<msg timestamp="20230925 02:00:35.463" level="INFO">Clicking element 'login'.</msg>
<status status="PASS" starttime="20230925 02:00:35.463" endtime="20230925 02:00:35.574"/>
</kw>
<status status="PASS" starttime="20230925 02:00:35.462" endtime="20230925 02:00:35.574"/>
</kw>
<kw name="Verificar Username na Tela Profile" library="demoqa_resources">
<kw name="Page Should Contain Element" library="SeleniumLibrary">
<arg>userName-label</arg>
<arg>"Carlos Nobre"</arg>
<doc>Verifies that element ``locator`` is found on the current page.</doc>
<msg timestamp="20230925 02:00:35.752" level="INFO" html="true">&lt;/td&gt;&lt;/tr&gt;&lt;tr&gt;&lt;td colspan="3"&gt;&lt;a href="selenium-screenshot-34.png"&gt;&lt;img src="selenium-screenshot-34.png" width="800px"&gt;&lt;/a&gt;</msg>
<msg timestamp="20230925 02:00:35.752" level="FAIL">"Carlos Nobre"</msg>
<status status="FAIL" starttime="20230925 02:00:35.575" endtime="20230925 02:00:35.755"/>
</kw>
<status status="FAIL" starttime="20230925 02:00:35.575" endtime="20230925 02:00:35.755"/>
</kw>
<doc>Esse teste verifica a ação do usuário fazer login com sucesso e visualizar seu nome na tela.</doc>
<tag>login</tag>
<status status="FAIL" starttime="20230925 01:59:32.644" endtime="20230925 02:00:35.756">"Carlos Nobre"</status>
</test>
<doc>Esta suíte testa o site https://demoqa.com</doc>
<status status="FAIL" starttime="20230925 01:59:32.208" endtime="20230925 02:00:35.757"/>
</suite>
<statistics>
<total>
<stat pass="0" fail="1" skip="0">All Tests</stat>
</total>
<tag>
<stat pass="0" fail="1" skip="0">login</stat>
</tag>
<suite>
<stat pass="0" fail="1" skip="0" id="s1" name="Demoqa Testes">Demoqa Testes</stat>
</suite>
</statistics>
<errors>
</errors>
</robot>
